name: train
run_id: commands[0]
env COMSPEC: C:\WINDOWS\system32\cmd.exe
env HOME: C:\Users\Kuldeep
env LANG: en_US.UTF-8
env MSYSTEM: MINGW64
env NUMBER_OF_PROCESSORS: 4
env PATHEXT: .COM;.EXE;.BAT;.CMD;.VBS;.VBE;.JS;.JSE;.WSF;.WSH;.MSC
env PKG_CONFIG_PATH: C:\Program Files\Git\mingw64\lib\pkgconfig;C:\Program Files\Git\mingw64\share\pkgconfig
env PROCESSOR_ARCHITECTURE: AMD64
env PROGRAMFILES: C:\Program Files
env PROGRAMDATA: C:\ProgramData
env PROGRAMFILES(X86): C:\Program Files (x86)
env SYSTEMDRIVE: C:
env SYSTEMROOT: C:\WINDOWS
env TEMP: C:\Users\Kuldeep\AppData\Local\Temp
env TERM: xterm-256color
env TMP: C:\Users\Kuldeep\AppData\Local\Temp
env USERPROFILE: C:\Users\Kuldeep
env PATH: C:\Users\Kuldeep\Documents\MLOps\Test\section-05-production-model-package\.tox\test_package\Scripts;C:\Users\Kuldeep\bin;C:\Program Files\Git\mingw64\bin;C:\Program Files\Git\usr\local\bin;C:\Program Files\Git\usr\bin;C:\WINDOWS\system32;C:\WINDOWS;C:\WINDOWS\System32\Wbem;C:\WINDOWS\System32\WindowsPowerShell\v1.0;C:\WINDOWS\System32\OpenSSH;C:\Program Files\Docker\Docker\resources\bin;C:\ProgramData\DockerDesktop\version-bin;C:\Program Files\Git\cmd;C:\Users\Kuldeep\AppData\Local\Microsoft\WindowsApps;C:\Users\Kuldeep\AppData\Local\Programs\Microsoft VS Code\bin;C:\Program Files\MongoDB\Server\6.0\bin;C:\Program Files\Git\usr\bin\vendor_perl;C:\Program Files\Git\usr\bin\core_perl
env PIP_DISABLE_PIP_VERSION_CHECK: 1
env PYTHONIOENCODING: utf-8
env PYTHONPATH: .
env PYTHONHASHSEED: 0
env TOX_ENV_NAME: train
env TOX_WORK_DIR: C:\Users\Kuldeep\Documents\MLOps\Test\section-05-production-model-package\.tox
env TOX_ENV_DIR: C:\Users\Kuldeep\Documents\MLOps\Test\section-05-production-model-package\.tox\test_package
env VIRTUAL_ENV: C:\Users\Kuldeep\Documents\MLOps\Test\section-05-production-model-package\.tox\test_package
env COLUMNS: 126
env LINES: 12
metadata pid: 14324
cwd: C:\Users\Kuldeep\Documents\MLOps\Test\section-05-production-model-package
allow: C:\Users\Kuldeep\Documents\MLOps\Test\section-05-production-model-package\.tox\test_package\Scripts\*
cmd: python regression_model/train_pipeline.py
exit_code: 0
