name: run1
run_id: commands[0]
env COMSPEC: C:\WINDOWS\system32\cmd.exe
env HOME: C:\Users\Kuldeep
env LANG: en_US.UTF-8
env MSYSTEM: MINGW64
env NUMBER_OF_PROCESSORS: 4
env PATHEXT: .COM;.EXE;.BAT;.CMD;.VBS;.VBE;.JS;.JSE;.WSF;.WSH;.MSC
env PKG_CONFIG_PATH: C:\Program Files\Git\mingw64\lib\pkgconfig;C:\Program Files\Git\mingw64\share\pkgconfig
env PROCESSOR_ARCHITECTURE: AMD64
env PROGRAMFILES: C:\Program Files
env PROGRAMDATA: C:\ProgramData
env PROGRAMFILES(X86): C:\Program Files (x86)
env SYSTEMDRIVE: C:
env SYSTEMROOT: C:\WINDOWS
env TEMP: C:\Users\Kuldeep\AppData\Local\Temp
env TERM: xterm-256color
env TMP: C:\Users\Kuldeep\AppData\Local\Temp
env USERPROFILE: C:\Users\Kuldeep
env PATH: C:\Users\Kuldeep\Documents\MLOps\Test\model-serving-api\house-prices-api\.tox\test_app\Scripts;C:\Users\Kuldeep\bin;C:\Program Files\Git\mingw64\bin;C:\Program Files\Git\usr\local\bin;C:\Program Files\Git\usr\bin;C:\WINDOWS\system32;C:\WINDOWS;C:\WINDOWS\System32\Wbem;C:\WINDOWS\System32\WindowsPowerShell\v1.0;C:\WINDOWS\System32\OpenSSH;C:\Program Files\Docker\Docker\resources\bin;C:\ProgramData\DockerDesktop\version-bin;C:\Program Files\Git\cmd;C:\Users\Kuldeep\AppData\Local\Microsoft\WindowsApps;C:\Users\Kuldeep\AppData\Local\Programs\Microsoft VS Code\bin;C:\Program Files\MongoDB\Server\6.0\bin;C:\Program Files\Git\usr\bin\vendor_perl;C:\Program Files\Git\usr\bin\core_perl
env PYTHONHASHSEED: 586
env PIP_DISABLE_PIP_VERSION_CHECK: 1
env PYTHONIOENCODING: utf-8
env PYTHONPATH: .
env TOX_ENV_NAME: run1
env TOX_WORK_DIR: C:\Users\Kuldeep\Documents\MLOps\Test\model-serving-api\house-prices-api\.tox
env TOX_ENV_DIR: C:\Users\Kuldeep\Documents\MLOps\Test\model-serving-api\house-prices-api\.tox\test_app
env VIRTUAL_ENV: C:\Users\Kuldeep\Documents\MLOps\Test\model-serving-api\house-prices-api\.tox\test_app
env COLUMNS: 129
env LINES: 12
metadata pid: 10248
cwd: C:\Users\Kuldeep\Documents\MLOps\Test\model-serving-api\house-prices-api
allow: C:\Users\Kuldeep\Documents\MLOps\Test\model-serving-api\house-prices-api\.tox\test_app\Scripts\*
cmd: python app/main.py
exit_code: 0
INFO:     ::1:51682 - "GET / HTTP/1.1" 200 OK
INFO:     ::1:51682 - "GET /docs HTTP/1.1" 200 OK
INFO:     ::1:51682 - "GET /api/v1/openapi.json HTTP/1.1" 200 OK
INFO:     ::1:51699 - "POST /api/v1/predict HTTP/1.1" 200 OK

standard error:
C:\Users\Kuldeep\Documents\MLOps\Test\model-serving-api\house-prices-api\.tox\test_app\lib\site-packages\sklearn\base.py:299: UserWarning: Trying to unpickle estimator Binarizer from version 1.2.0 when using version 1.2.1. This might lead to breaking code or invalid results. Use at your own risk. For more info please refer to:
https://scikit-learn.org/stable/model_persistence.html#security-maintainability-limitations
  warnings.warn(
C:\Users\Kuldeep\Documents\MLOps\Test\model-serving-api\house-prices-api\.tox\test_app\lib\site-packages\sklearn\base.py:299: UserWarning: Trying to unpickle estimator MinMaxScaler from version 1.2.0 when using version 1.2.1. This might lead to breaking code or invalid results. Use at your own risk. For more info please refer to:
https://scikit-learn.org/stable/model_persistence.html#security-maintainability-limitations
  warnings.warn(
C:\Users\Kuldeep\Documents\MLOps\Test\model-serving-api\house-prices-api\.tox\test_app\lib\site-packages\sklearn\base.py:299: UserWarning: Trying to unpickle estimator Lasso from version 1.2.0 when using version 1.2.1. This might lead to breaking code or invalid results. Use at your own risk. For more info please refer to:
https://scikit-learn.org/stable/model_persistence.html#security-maintainability-limitations
  warnings.warn(
C:\Users\Kuldeep\Documents\MLOps\Test\model-serving-api\house-prices-api\.tox\test_app\lib\site-packages\sklearn\base.py:299: UserWarning: Trying to unpickle estimator Pipeline from version 1.2.0 when using version 1.2.1. This might lead to breaking code or invalid results. Use at your own risk. For more info please refer to:
https://scikit-learn.org/stable/model_persistence.html#security-maintainability-limitations
  warnings.warn(
[32m2023-02-21 00:17:06.950[0m | [33m[1mWARNING [0m | [36m__main__[0m:[36m<module>[0m:[36m55[0m - [33m[1mRunning in development mode. Do not run like this in production.[0m
INFO:     Started server process [2192]
INFO:     Waiting for application startup.
INFO:     Application startup complete.
INFO:     Uvicorn running on http://localhost:8001 (Press CTRL+C to quit)
[32m2023-02-21 00:18:11.327[0m | [1mINFO    [0m | [36mapp.api[0m:[36mpredict[0m:[36m40[0m - [1mMaking prediction on inputs: [HouseDataInputSchema(Alley=None, BedroomAbvGr=2, BldgType='1Fam', BsmtCond='TA', BsmtExposure='No', BsmtFinSF1=468.0, BsmtFinSF2=144.0, BsmtFinType1='Rec', BsmtFinType2='LwQ', BsmtFullBath=0.0, BsmtHalfBath=0.0, BsmtQual='TA', BsmtUnfSF=270.0, CentralAir='Y', Condition1='Feedr', Condition2='Norm', Electrical='SBrkr', EnclosedPorch=0, ExterCond='TA', ExterQual='TA', Exterior1st='VinylSd', Exterior2nd='VinylSd', Fence='MnPrv', FireplaceQu=None, Fireplaces=0, Foundation='CBlock', FullBath=1, Functional='Typ', GarageArea=730.0, GarageCars=1.0, GarageCond='TA', GarageFinish='Unf', GarageQual='TA', GarageType='Attchd', GarageYrBlt=1961.0, GrLivArea=896, HalfBath=0, Heating='GasA', HeatingQC='TA', HouseStyle='1Story', Id=None, KitchenAbvGr=1, KitchenQual='TA', LandContour='Lvl', LandSlope='Gtl', LotArea=11622, LotConfig='Inside', LotFrontage=80.0, LotShape='Reg', LowQualFinSF=0, MSSubClass=20, MSZoning='RH', MasVnrArea=0.0, MasVnrType='None', MiscFeature=None, MiscVal=0, MoSold=6, Neighborhood='NAmes', OpenPorchSF=0, OverallCond=6, OverallQual=10, PavedDrive='Y', PoolArea=0, PoolQC=None, RoofMatl='CompShg', RoofStyle='Gable', SaleCondition='Normal', SaleType='WD', ScreenPorch=120, Street='Pave', TotRmsAbvGrd=5, TotalBsmtSF=882.0, Utilities='AllPub', WoodDeckSF=140, YearBuilt=1961, YearRemodAdd=1961, YrSold=2010, FirstFlrSF=896, SecondFlrSF=0, ThreeSsnPortch=0)][0m
[32m2023-02-21 00:18:11.510[0m | [1mINFO    [0m | [36mapp.api[0m:[36mpredict[0m:[36m47[0m - [1mPrediction results: [147219.71230115346][0m
INFO:     Shutting down
INFO:     Waiting for application shutdown.
INFO:     Application shutdown complete.
INFO:     Finished server process [2192]
