name: train
run_id: commands[0]
env COMSPEC: C:\WINDOWS\system32\cmd.exe
env NUMBER_OF_PROCESSORS: 4
env PATHEXT: .COM;.EXE;.BAT;.CMD;.VBS;.VBE;.JS;.JSE;.WSF;.WSH;.MSC;.CPL
env PROCESSOR_ARCHITECTURE: AMD64
env PROGRAMDATA: C:\ProgramData
env PROGRAMFILES: C:\Program Files
env PROGRAMFILES(X86): C:\Program Files (x86)
env SYSTEMDRIVE: C:
env SYSTEMROOT: C:\WINDOWS
env TEMP: C:\Users\Kuldeep\AppData\Local\Temp
env TMP: C:\Users\Kuldeep\AppData\Local\Temp
env USERPROFILE: C:\Users\Kuldeep
env LANG: en_US.UTF-8
env PATH: C:\Users\Kuldeep\Documents\MLOps\Test\Assignment_2\.tox\test_package\Scripts;C:\WINDOWS\system32;C:\WINDOWS;C:\WINDOWS\System32\Wbem;C:\WINDOWS\System32\WindowsPowerShell\v1.0\;C:\WINDOWS\System32\OpenSSH\;C:\Program Files\Docker\Docker\resources\bin;C:\ProgramData\DockerDesktop\version-bin;C:\Program Files\Git\cmd;C:\Users\Kuldeep\AppData\Local\Microsoft\WindowsApps;C:\Users\Kuldeep\AppData\Local\Programs\Microsoft VS Code\bin;C:\Program Files\MongoDB\Server\6.0\bin;
env PIP_DISABLE_PIP_VERSION_CHECK: 1
env PYTHONIOENCODING: utf-8
env PYTHONPATH: .
env PYTHONHASHSEED: 0
env TOX_ENV_NAME: train
env TOX_WORK_DIR: C:\Users\Kuldeep\Documents\MLOps\Test\Assignment_2\.tox
env TOX_ENV_DIR: C:\Users\Kuldeep\Documents\MLOps\Test\Assignment_2\.tox\test_package
env VIRTUAL_ENV: C:\Users\Kuldeep\Documents\MLOps\Test\Assignment_2\.tox\test_package
env COLUMNS: 133
env LINES: 12
metadata pid: 10068
cwd: C:\Users\Kuldeep\Documents\MLOps\Test\Assignment_2
allow: C:\Users\Kuldeep\Documents\MLOps\Test\Assignment_2\.tox\test_package\Scripts\*
cmd: python classification_model/train_pipeline.py
exit_code: 0
